<?xml version="1.0" encoding="UTF-8"?>
<testng-results ignored="0" total="1" passed="1" failed="0" skipped="0">
  <reporter-output>
  </reporter-output>
  <suite started-at="2024-02-22T19:15:27 IST" name="Default suite" finished-at="2024-02-22T19:15:33 IST" duration-ms="5797">
    <groups>
    </groups>
    <test started-at="2024-02-22T19:15:27 IST" name="Default test" finished-at="2024-02-22T19:15:33 IST" duration-ms="5797">
      <class name="SSDACADEMY.ExtentReports.ExtentReportDemo">
        <test-method is-config="true" signature="config()[pri:0, instance:SSDACADEMY.ExtentReports.ExtentReportDemo@5e0826e7]" started-at="2024-02-22T19:15:27 IST" name="config" finished-at="2024-02-22T19:15:27 IST" duration-ms="254" status="PASS">
          <reporter-output>
          </reporter-output>
        </test-method> <!-- config -->
        <test-method signature="InitialDemo()[pri:0, instance:SSDACADEMY.ExtentReports.ExtentReportDemo@5e0826e7]" started-at="2024-02-22T19:15:28 IST" name="InitialDemo" finished-at="2024-02-22T19:15:33 IST" duration-ms="5507" status="PASS">
          <reporter-output>
          </reporter-output>
        </test-method> <!-- InitialDemo -->
      </class> <!-- SSDACADEMY.ExtentReports.ExtentReportDemo -->
    </test> <!-- Default test -->
  </suite> <!-- Default suite -->
</testng-results>
